running develop
/home/badawi/.local/lib/python3.10/site-packages/setuptools/command/develop.py:41: EasyInstallDeprecationWarning: easy_install command is deprecated.
!!

        ********************************************************************************
        Please avoid running ``setup.py`` and ``easy_install``.
        Instead, use pypa/build, pypa/installer or other
        standards-based tools.

        See https://github.com/pypa/setuptools/issues/917 for details.
        ********************************************************************************

!!
  easy_install.initialize_options(self)
running egg_info
writing rov_risk_assessment.egg-info/PKG-INFO
writing dependency_links to rov_risk_assessment.egg-info/dependency_links.txt
writing entry points to rov_risk_assessment.egg-info/entry_points.txt
writing requirements to rov_risk_assessment.egg-info/requires.txt
writing top-level names to rov_risk_assessment.egg-info/top_level.txt
reading manifest file 'rov_risk_assessment.egg-info/SOURCES.txt'
writing manifest file 'rov_risk_assessment.egg-info/SOURCES.txt'
running build_ext
Creating /home/badawi/Desktop/PhD_Autumn_2025/subsea-autonomy-stack/install/rov_risk_assessment/lib/python3.10/site-packages/rov-risk-assessment.egg-link (link to .)
Installing altitude script to /home/badawi/Desktop/PhD_Autumn_2025/subsea-autonomy-stack/install/rov_risk_assessment/lib/rov_risk_assessment
Installing battery_level script to /home/badawi/Desktop/PhD_Autumn_2025/subsea-autonomy-stack/install/rov_risk_assessment/lib/rov_risk_assessment
Installing camera_quality script to /home/badawi/Desktop/PhD_Autumn_2025/subsea-autonomy-stack/install/rov_risk_assessment/lib/rov_risk_assessment
Installing mission_control_bn script to /home/badawi/Desktop/PhD_Autumn_2025/subsea-autonomy-stack/install/rov_risk_assessment/lib/rov_risk_assessment
Installing speed script to /home/badawi/Desktop/PhD_Autumn_2025/subsea-autonomy-stack/install/rov_risk_assessment/lib/rov_risk_assessment
Installing test_publishers script to /home/badawi/Desktop/PhD_Autumn_2025/subsea-autonomy-stack/install/rov_risk_assessment/lib/rov_risk_assessment
Installing test_usbl script to /home/badawi/Desktop/PhD_Autumn_2025/subsea-autonomy-stack/install/rov_risk_assessment/lib/rov_risk_assessment
Installing trust script to /home/badawi/Desktop/PhD_Autumn_2025/subsea-autonomy-stack/install/rov_risk_assessment/lib/rov_risk_assessment
Installing turbidity script to /home/badawi/Desktop/PhD_Autumn_2025/subsea-autonomy-stack/install/rov_risk_assessment/lib/rov_risk_assessment
Installing weather_api script to /home/badawi/Desktop/PhD_Autumn_2025/subsea-autonomy-stack/install/rov_risk_assessment/lib/rov_risk_assessment

Installed /home/badawi/Desktop/PhD_Autumn_2025/subsea-autonomy-stack/build/rov_risk_assessment
running symlink_data
