[0.439s] Invoking command in '/home/badawi/Desktop/PhD_Autumn_2025/subsea-autonomy-stack/build/rov_risk_assessment': PYTHONPATH=/home/badawi/Desktop/PhD_Autumn_2025/subsea-autonomy-stack/build/rov_risk_assessment/prefix_override:/usr/lib/python3/dist-packages/colcon_core/task/python/colcon_distutils_commands:/home/badawi/Desktop/PhD_Autumn_2025/subsea-autonomy-stack/install/rov_risk_assessment/lib/python3.10/site-packages:${PYTHONPATH} /usr/bin/python3 -W ignore:setup.py install is deprecated setup.py develop --editable --build-directory /home/badawi/Desktop/PhD_Autumn_2025/subsea-autonomy-stack/build/rov_risk_assessment/build --no-deps symlink_data
[0.616s] running develop
[0.617s] /home/badawi/.local/lib/python3.10/site-packages/setuptools/command/develop.py:41: EasyInstallDeprecationWarning: easy_install command is deprecated.
[0.617s] !!
[0.617s] 
[0.617s]         ********************************************************************************
[0.617s]         Please avoid running ``setup.py`` and ``easy_install``.
[0.617s]         Instead, use pypa/build, pypa/installer or other
[0.617s]         standards-based tools.
[0.617s] 
[0.617s]         See https://github.com/pypa/setuptools/issues/917 for details.
[0.617s]         ********************************************************************************
[0.617s] 
[0.617s] !!
[0.617s]   easy_install.initialize_options(self)
[0.730s] running egg_info
[0.739s] writing rov_risk_assessment.egg-info/PKG-INFO
[0.739s] writing dependency_links to rov_risk_assessment.egg-info/dependency_links.txt
[0.739s] writing entry points to rov_risk_assessment.egg-info/entry_points.txt
[0.739s] writing requirements to rov_risk_assessment.egg-info/requires.txt
[0.739s] writing top-level names to rov_risk_assessment.egg-info/top_level.txt
[0.756s] reading manifest file 'rov_risk_assessment.egg-info/SOURCES.txt'
[0.757s] writing manifest file 'rov_risk_assessment.egg-info/SOURCES.txt'
[0.766s] running build_ext
[0.766s] Creating /home/badawi/Desktop/PhD_Autumn_2025/subsea-autonomy-stack/install/rov_risk_assessment/lib/python3.10/site-packages/rov-risk-assessment.egg-link (link to .)
[0.766s] Installing altitude script to /home/badawi/Desktop/PhD_Autumn_2025/subsea-autonomy-stack/install/rov_risk_assessment/lib/rov_risk_assessment
[0.766s] Installing battery_level script to /home/badawi/Desktop/PhD_Autumn_2025/subsea-autonomy-stack/install/rov_risk_assessment/lib/rov_risk_assessment
[0.766s] Installing camera_quality script to /home/badawi/Desktop/PhD_Autumn_2025/subsea-autonomy-stack/install/rov_risk_assessment/lib/rov_risk_assessment
[0.766s] Installing mission_control_bn script to /home/badawi/Desktop/PhD_Autumn_2025/subsea-autonomy-stack/install/rov_risk_assessment/lib/rov_risk_assessment
[0.766s] Installing speed script to /home/badawi/Desktop/PhD_Autumn_2025/subsea-autonomy-stack/install/rov_risk_assessment/lib/rov_risk_assessment
[0.766s] Installing test_publishers script to /home/badawi/Desktop/PhD_Autumn_2025/subsea-autonomy-stack/install/rov_risk_assessment/lib/rov_risk_assessment
[0.766s] Installing test_usbl script to /home/badawi/Desktop/PhD_Autumn_2025/subsea-autonomy-stack/install/rov_risk_assessment/lib/rov_risk_assessment
[0.766s] Installing trust script to /home/badawi/Desktop/PhD_Autumn_2025/subsea-autonomy-stack/install/rov_risk_assessment/lib/rov_risk_assessment
[0.766s] Installing turbidity script to /home/badawi/Desktop/PhD_Autumn_2025/subsea-autonomy-stack/install/rov_risk_assessment/lib/rov_risk_assessment
[0.767s] Installing weather_api script to /home/badawi/Desktop/PhD_Autumn_2025/subsea-autonomy-stack/install/rov_risk_assessment/lib/rov_risk_assessment
[0.767s] 
[0.767s] Installed /home/badawi/Desktop/PhD_Autumn_2025/subsea-autonomy-stack/build/rov_risk_assessment
[0.767s] running symlink_data
[0.783s] Invoked command in '/home/badawi/Desktop/PhD_Autumn_2025/subsea-autonomy-stack/build/rov_risk_assessment' returned '0': PYTHONPATH=/home/badawi/Desktop/PhD_Autumn_2025/subsea-autonomy-stack/build/rov_risk_assessment/prefix_override:/usr/lib/python3/dist-packages/colcon_core/task/python/colcon_distutils_commands:/home/badawi/Desktop/PhD_Autumn_2025/subsea-autonomy-stack/install/rov_risk_assessment/lib/python3.10/site-packages:${PYTHONPATH} /usr/bin/python3 -W ignore:setup.py install is deprecated setup.py develop --editable --build-directory /home/badawi/Desktop/PhD_Autumn_2025/subsea-autonomy-stack/build/rov_risk_assessment/build --no-deps symlink_data
