running egg_info
writing ../build/rov_risk_assessment/rov_risk_assessment.egg-info/PKG-INFO
writing dependency_links to ../build/rov_risk_assessment/rov_risk_assessment.egg-info/dependency_links.txt
writing entry points to ../build/rov_risk_assessment/rov_risk_assessment.egg-info/entry_points.txt
writing requirements to ../build/rov_risk_assessment/rov_risk_assessment.egg-info/requires.txt
writing top-level names to ../build/rov_risk_assessment/rov_risk_assessment.egg-info/top_level.txt
reading manifest file '../build/rov_risk_assessment/rov_risk_assessment.egg-info/SOURCES.txt'
writing manifest file '../build/rov_risk_assessment/rov_risk_assessment.egg-info/SOURCES.txt'
running build
running build_py
copying rov_risk_assessment/test_ros_publishers.py -> /home/badawi/Desktop/PhD_Autumn_2025/subsea-autonomy-stack/build/rov_risk_assessment/build/lib/rov_risk_assessment
copying rov_risk_assessment/test_usbl.py -> /home/badawi/Desktop/PhD_Autumn_2025/subsea-autonomy-stack/build/rov_risk_assessment/build/lib/rov_risk_assessment
copying rov_risk_assessment/turbidity.py -> /home/badawi/Desktop/PhD_Autumn_2025/subsea-autonomy-stack/build/rov_risk_assessment/build/lib/rov_risk_assessment
copying rov_risk_assessment/altitude.py -> /home/badawi/Desktop/PhD_Autumn_2025/subsea-autonomy-stack/build/rov_risk_assessment/build/lib/rov_risk_assessment
copying rov_risk_assessment/camera_quality.py -> /home/badawi/Desktop/PhD_Autumn_2025/subsea-autonomy-stack/build/rov_risk_assessment/build/lib/rov_risk_assessment
copying rov_risk_assessment/speed.py -> /home/badawi/Desktop/PhD_Autumn_2025/subsea-autonomy-stack/build/rov_risk_assessment/build/lib/rov_risk_assessment
copying rov_risk_assessment/battey_level.py -> /home/badawi/Desktop/PhD_Autumn_2025/subsea-autonomy-stack/build/rov_risk_assessment/build/lib/rov_risk_assessment
copying rov_risk_assessment/trust.py -> /home/badawi/Desktop/PhD_Autumn_2025/subsea-autonomy-stack/build/rov_risk_assessment/build/lib/rov_risk_assessment
copying rov_risk_assessment/weather_api.py -> /home/badawi/Desktop/PhD_Autumn_2025/subsea-autonomy-stack/build/rov_risk_assessment/build/lib/rov_risk_assessment
copying rov_risk_assessment/__init__.py -> /home/badawi/Desktop/PhD_Autumn_2025/subsea-autonomy-stack/build/rov_risk_assessment/build/lib/rov_risk_assessment
copying rov_risk_assessment/mission_control_bn_node.py -> /home/badawi/Desktop/PhD_Autumn_2025/subsea-autonomy-stack/build/rov_risk_assessment/build/lib/rov_risk_assessment
running install
running install_lib
copying /home/badawi/Desktop/PhD_Autumn_2025/subsea-autonomy-stack/build/rov_risk_assessment/build/lib/rov_risk_assessment/mission_control_bn_node.py -> /home/badawi/Desktop/PhD_Autumn_2025/subsea-autonomy-stack/install/rov_risk_assessment/lib/python3.10/site-packages/rov_risk_assessment
byte-compiling /home/badawi/Desktop/PhD_Autumn_2025/subsea-autonomy-stack/install/rov_risk_assessment/lib/python3.10/site-packages/rov_risk_assessment/mission_control_bn_node.py to mission_control_bn_node.cpython-310.pyc
running install_data
copying resource/rov_risk_assessment -> /home/badawi/Desktop/PhD_Autumn_2025/subsea-autonomy-stack/install/rov_risk_assessment/share/ament_index/resource_index/packages
copying package.xml -> /home/badawi/Desktop/PhD_Autumn_2025/subsea-autonomy-stack/install/rov_risk_assessment/share/rov_risk_assessment
copying launch/risk_assessment.launch.py -> /home/badawi/Desktop/PhD_Autumn_2025/subsea-autonomy-stack/install/rov_risk_assessment/share/rov_risk_assessment/launch
copying config/integrated_mission_control.xdsl -> /home/badawi/Desktop/PhD_Autumn_2025/subsea-autonomy-stack/install/rov_risk_assessment/share/rov_risk_assessment/config
running install_egg_info
removing '/home/badawi/Desktop/PhD_Autumn_2025/subsea-autonomy-stack/install/rov_risk_assessment/lib/python3.10/site-packages/rov_risk_assessment-0.1.0-py3.10.egg-info' (and everything under it)
Copying ../build/rov_risk_assessment/rov_risk_assessment.egg-info to /home/badawi/Desktop/PhD_Autumn_2025/subsea-autonomy-stack/install/rov_risk_assessment/lib/python3.10/site-packages/rov_risk_assessment-0.1.0-py3.10.egg-info
running install_scripts
Installing altitude script to /home/badawi/Desktop/PhD_Autumn_2025/subsea-autonomy-stack/install/rov_risk_assessment/lib/rov_risk_assessment
Installing battery_level script to /home/badawi/Desktop/PhD_Autumn_2025/subsea-autonomy-stack/install/rov_risk_assessment/lib/rov_risk_assessment
Installing camera_quality script to /home/badawi/Desktop/PhD_Autumn_2025/subsea-autonomy-stack/install/rov_risk_assessment/lib/rov_risk_assessment
Installing mission_control_bn script to /home/badawi/Desktop/PhD_Autumn_2025/subsea-autonomy-stack/install/rov_risk_assessment/lib/rov_risk_assessment
Installing speed script to /home/badawi/Desktop/PhD_Autumn_2025/subsea-autonomy-stack/install/rov_risk_assessment/lib/rov_risk_assessment
Installing test_publishers script to /home/badawi/Desktop/PhD_Autumn_2025/subsea-autonomy-stack/install/rov_risk_assessment/lib/rov_risk_assessment
Installing test_usbl script to /home/badawi/Desktop/PhD_Autumn_2025/subsea-autonomy-stack/install/rov_risk_assessment/lib/rov_risk_assessment
Installing trust script to /home/badawi/Desktop/PhD_Autumn_2025/subsea-autonomy-stack/install/rov_risk_assessment/lib/rov_risk_assessment
Installing turbidity script to /home/badawi/Desktop/PhD_Autumn_2025/subsea-autonomy-stack/install/rov_risk_assessment/lib/rov_risk_assessment
Installing weather_api script to /home/badawi/Desktop/PhD_Autumn_2025/subsea-autonomy-stack/install/rov_risk_assessment/lib/rov_risk_assessment
writing list of installed files to '/home/badawi/Desktop/PhD_Autumn_2025/subsea-autonomy-stack/build/rov_risk_assessment/install.log'
