[0.610s] Invoking command in '/home/badawi/Desktop/PhD_Autumn_2025/subsea-autonomy-stack/rov_risk_assessment': PYTHONPATH=/home/badawi/Desktop/PhD_Autumn_2025/subsea-autonomy-stack/build/rov_risk_assessment/prefix_override:/usr/lib/python3/dist-packages/colcon_core/task/python/colcon_distutils_commands:/home/badawi/Desktop/PhD_Autumn_2025/subsea-autonomy-stack/install/rov_risk_assessment/lib/python3.10/site-packages:${PYTHONPATH} /usr/bin/python3 -W ignore:setup.py install is deprecated setup.py egg_info --egg-base ../build/rov_risk_assessment build --build-base /home/badawi/Desktop/PhD_Autumn_2025/subsea-autonomy-stack/build/rov_risk_assessment/build install --record /home/badawi/Desktop/PhD_Autumn_2025/subsea-autonomy-stack/build/rov_risk_assessment/install.log --single-version-externally-managed install_data
[0.806s] running egg_info
[0.819s] writing ../build/rov_risk_assessment/rov_risk_assessment.egg-info/PKG-INFO
[0.819s] writing dependency_links to ../build/rov_risk_assessment/rov_risk_assessment.egg-info/dependency_links.txt
[0.820s] writing entry points to ../build/rov_risk_assessment/rov_risk_assessment.egg-info/entry_points.txt
[0.820s] writing requirements to ../build/rov_risk_assessment/rov_risk_assessment.egg-info/requires.txt
[0.820s] writing top-level names to ../build/rov_risk_assessment/rov_risk_assessment.egg-info/top_level.txt
[0.845s] reading manifest file '../build/rov_risk_assessment/rov_risk_assessment.egg-info/SOURCES.txt'
[0.847s] writing manifest file '../build/rov_risk_assessment/rov_risk_assessment.egg-info/SOURCES.txt'
[0.847s] running build
[0.847s] running build_py
[0.847s] copying rov_risk_assessment/test_ros_publishers.py -> /home/badawi/Desktop/PhD_Autumn_2025/subsea-autonomy-stack/build/rov_risk_assessment/build/lib/rov_risk_assessment
[0.848s] copying rov_risk_assessment/test_usbl.py -> /home/badawi/Desktop/PhD_Autumn_2025/subsea-autonomy-stack/build/rov_risk_assessment/build/lib/rov_risk_assessment
[0.848s] copying rov_risk_assessment/turbidity.py -> /home/badawi/Desktop/PhD_Autumn_2025/subsea-autonomy-stack/build/rov_risk_assessment/build/lib/rov_risk_assessment
[0.849s] copying rov_risk_assessment/altitude.py -> /home/badawi/Desktop/PhD_Autumn_2025/subsea-autonomy-stack/build/rov_risk_assessment/build/lib/rov_risk_assessment
[0.849s] copying rov_risk_assessment/camera_quality.py -> /home/badawi/Desktop/PhD_Autumn_2025/subsea-autonomy-stack/build/rov_risk_assessment/build/lib/rov_risk_assessment
[0.849s] copying rov_risk_assessment/speed.py -> /home/badawi/Desktop/PhD_Autumn_2025/subsea-autonomy-stack/build/rov_risk_assessment/build/lib/rov_risk_assessment
[0.850s] copying rov_risk_assessment/battey_level.py -> /home/badawi/Desktop/PhD_Autumn_2025/subsea-autonomy-stack/build/rov_risk_assessment/build/lib/rov_risk_assessment
[0.851s] copying rov_risk_assessment/trust.py -> /home/badawi/Desktop/PhD_Autumn_2025/subsea-autonomy-stack/build/rov_risk_assessment/build/lib/rov_risk_assessment
[0.851s] copying rov_risk_assessment/weather_api.py -> /home/badawi/Desktop/PhD_Autumn_2025/subsea-autonomy-stack/build/rov_risk_assessment/build/lib/rov_risk_assessment
[0.852s] copying rov_risk_assessment/__init__.py -> /home/badawi/Desktop/PhD_Autumn_2025/subsea-autonomy-stack/build/rov_risk_assessment/build/lib/rov_risk_assessment
[0.852s] copying rov_risk_assessment/mission_control_bn_node.py -> /home/badawi/Desktop/PhD_Autumn_2025/subsea-autonomy-stack/build/rov_risk_assessment/build/lib/rov_risk_assessment
[0.852s] running install
[0.855s] running install_lib
[0.866s] copying /home/badawi/Desktop/PhD_Autumn_2025/subsea-autonomy-stack/build/rov_risk_assessment/build/lib/rov_risk_assessment/mission_control_bn_node.py -> /home/badawi/Desktop/PhD_Autumn_2025/subsea-autonomy-stack/install/rov_risk_assessment/lib/python3.10/site-packages/rov_risk_assessment
[0.867s] byte-compiling /home/badawi/Desktop/PhD_Autumn_2025/subsea-autonomy-stack/install/rov_risk_assessment/lib/python3.10/site-packages/rov_risk_assessment/mission_control_bn_node.py to mission_control_bn_node.cpython-310.pyc
[0.869s] running install_data
[0.869s] copying resource/rov_risk_assessment -> /home/badawi/Desktop/PhD_Autumn_2025/subsea-autonomy-stack/install/rov_risk_assessment/share/ament_index/resource_index/packages
[0.869s] copying package.xml -> /home/badawi/Desktop/PhD_Autumn_2025/subsea-autonomy-stack/install/rov_risk_assessment/share/rov_risk_assessment
[0.869s] copying launch/risk_assessment.launch.py -> /home/badawi/Desktop/PhD_Autumn_2025/subsea-autonomy-stack/install/rov_risk_assessment/share/rov_risk_assessment/launch
[0.870s] copying config/integrated_mission_control.xdsl -> /home/badawi/Desktop/PhD_Autumn_2025/subsea-autonomy-stack/install/rov_risk_assessment/share/rov_risk_assessment/config
[0.870s] running install_egg_info
[0.881s] removing '/home/badawi/Desktop/PhD_Autumn_2025/subsea-autonomy-stack/install/rov_risk_assessment/lib/python3.10/site-packages/rov_risk_assessment-0.1.0-py3.10.egg-info' (and everything under it)
[0.881s] Copying ../build/rov_risk_assessment/rov_risk_assessment.egg-info to /home/badawi/Desktop/PhD_Autumn_2025/subsea-autonomy-stack/install/rov_risk_assessment/lib/python3.10/site-packages/rov_risk_assessment-0.1.0-py3.10.egg-info
[0.882s] running install_scripts
[0.967s] Installing altitude script to /home/badawi/Desktop/PhD_Autumn_2025/subsea-autonomy-stack/install/rov_risk_assessment/lib/rov_risk_assessment
[0.967s] Installing battery_level script to /home/badawi/Desktop/PhD_Autumn_2025/subsea-autonomy-stack/install/rov_risk_assessment/lib/rov_risk_assessment
[0.967s] Installing camera_quality script to /home/badawi/Desktop/PhD_Autumn_2025/subsea-autonomy-stack/install/rov_risk_assessment/lib/rov_risk_assessment
[0.967s] Installing mission_control_bn script to /home/badawi/Desktop/PhD_Autumn_2025/subsea-autonomy-stack/install/rov_risk_assessment/lib/rov_risk_assessment
[0.967s] Installing speed script to /home/badawi/Desktop/PhD_Autumn_2025/subsea-autonomy-stack/install/rov_risk_assessment/lib/rov_risk_assessment
[0.967s] Installing test_publishers script to /home/badawi/Desktop/PhD_Autumn_2025/subsea-autonomy-stack/install/rov_risk_assessment/lib/rov_risk_assessment
[0.967s] Installing test_usbl script to /home/badawi/Desktop/PhD_Autumn_2025/subsea-autonomy-stack/install/rov_risk_assessment/lib/rov_risk_assessment
[0.967s] Installing trust script to /home/badawi/Desktop/PhD_Autumn_2025/subsea-autonomy-stack/install/rov_risk_assessment/lib/rov_risk_assessment
[0.967s] Installing turbidity script to /home/badawi/Desktop/PhD_Autumn_2025/subsea-autonomy-stack/install/rov_risk_assessment/lib/rov_risk_assessment
[0.967s] Installing weather_api script to /home/badawi/Desktop/PhD_Autumn_2025/subsea-autonomy-stack/install/rov_risk_assessment/lib/rov_risk_assessment
[0.967s] writing list of installed files to '/home/badawi/Desktop/PhD_Autumn_2025/subsea-autonomy-stack/build/rov_risk_assessment/install.log'
[0.983s] Invoked command in '/home/badawi/Desktop/PhD_Autumn_2025/subsea-autonomy-stack/rov_risk_assessment' returned '0': PYTHONPATH=/home/badawi/Desktop/PhD_Autumn_2025/subsea-autonomy-stack/build/rov_risk_assessment/prefix_override:/usr/lib/python3/dist-packages/colcon_core/task/python/colcon_distutils_commands:/home/badawi/Desktop/PhD_Autumn_2025/subsea-autonomy-stack/install/rov_risk_assessment/lib/python3.10/site-packages:${PYTHONPATH} /usr/bin/python3 -W ignore:setup.py install is deprecated setup.py egg_info --egg-base ../build/rov_risk_assessment build --build-base /home/badawi/Desktop/PhD_Autumn_2025/subsea-autonomy-stack/build/rov_risk_assessment/build install --record /home/badawi/Desktop/PhD_Autumn_2025/subsea-autonomy-stack/build/rov_risk_assessment/install.log --single-version-externally-managed install_data
