running develop
running egg_info
writing rov_risk_assessment.egg-info/PKG-INFO
writing dependency_links to rov_risk_assessment.egg-info/dependency_links.txt
writing entry points to rov_risk_assessment.egg-info/entry_points.txt
writing requirements to rov_risk_assessment.egg-info/requires.txt
writing top-level names to rov_risk_assessment.egg-info/top_level.txt
reading manifest file 'rov_risk_assessment.egg-info/SOURCES.txt'
writing manifest file 'rov_risk_assessment.egg-info/SOURCES.txt'
running build_ext
Creating /home/badawi/Desktop/PhD_Autumn_2025/subsea-autonomy-stack/install/rov_risk_assessment/lib/python3.10/site-packages/rov-risk-assessment.egg-link (link to .)
Installing altitude script to /home/badawi/Desktop/PhD_Autumn_2025/subsea-autonomy-stack/install/rov_risk_assessment/lib/rov_risk_assessment
Installing battery_level script to /home/badawi/Desktop/PhD_Autumn_2025/subsea-autonomy-stack/install/rov_risk_assessment/lib/rov_risk_assessment
Installing camera_quality script to /home/badawi/Desktop/PhD_Autumn_2025/subsea-autonomy-stack/install/rov_risk_assessment/lib/rov_risk_assessment
Installing mission_control_bn script to /home/badawi/Desktop/PhD_Autumn_2025/subsea-autonomy-stack/install/rov_risk_assessment/lib/rov_risk_assessment
Installing speed script to /home/badawi/Desktop/PhD_Autumn_2025/subsea-autonomy-stack/install/rov_risk_assessment/lib/rov_risk_assessment
Installing test_publishers script to /home/badawi/Desktop/PhD_Autumn_2025/subsea-autonomy-stack/install/rov_risk_assessment/lib/rov_risk_assessment
Installing test_usbl script to /home/badawi/Desktop/PhD_Autumn_2025/subsea-autonomy-stack/install/rov_risk_assessment/lib/rov_risk_assessment
Installing trust script to /home/badawi/Desktop/PhD_Autumn_2025/subsea-autonomy-stack/install/rov_risk_assessment/lib/rov_risk_assessment
Installing turbidity script to /home/badawi/Desktop/PhD_Autumn_2025/subsea-autonomy-stack/install/rov_risk_assessment/lib/rov_risk_assessment
Installing weather_api script to /home/badawi/Desktop/PhD_Autumn_2025/subsea-autonomy-stack/install/rov_risk_assessment/lib/rov_risk_assessment

Installed /home/badawi/Desktop/PhD_Autumn_2025/subsea-autonomy-stack/build/rov_risk_assessment
running symlink_data
symbolically linking /home/badawi/Desktop/PhD_Autumn_2025/subsea-autonomy-stack/build/rov_risk_assessment/resource/rov_risk_assessment -> /home/badawi/Desktop/PhD_Autumn_2025/subsea-autonomy-stack/install/rov_risk_assessment/share/ament_index/resource_index/packages
symbolically linking /home/badawi/Desktop/PhD_Autumn_2025/subsea-autonomy-stack/build/rov_risk_assessment/package.xml -> /home/badawi/Desktop/PhD_Autumn_2025/subsea-autonomy-stack/install/rov_risk_assessment/share/rov_risk_assessment
symbolically linking /home/badawi/Desktop/PhD_Autumn_2025/subsea-autonomy-stack/build/rov_risk_assessment/launch/risk_assessment.launch.py -> /home/badawi/Desktop/PhD_Autumn_2025/subsea-autonomy-stack/install/rov_risk_assessment/share/rov_risk_assessment/launch
symbolically linking /home/badawi/Desktop/PhD_Autumn_2025/subsea-autonomy-stack/build/rov_risk_assessment/config/integrated_mission_control.xdsl -> /home/badawi/Desktop/PhD_Autumn_2025/subsea-autonomy-stack/install/rov_risk_assessment/share/rov_risk_assessment/config
