[0.057s] DEBUG:colcon:Command line arguments: ['/usr/bin/colcon', 'build', '--symlink-install', '--packages-select', 'rov_risk_assessment']
[0.057s] DEBUG:colcon:Parsed command line arguments: Namespace(log_base=None, log_level=None, verb_name='build', build_base='build', install_base='install', merge_install=False, symlink_install=True, test_result_base=None, continue_on_error=False, executor='parallel', parallel_workers=20, event_handlers=None, ignore_user_meta=False, metas=['./colcon.meta'], base_paths=['.'], packages_ignore=None, packages_ignore_regex=None, paths=None, packages_up_to=None, packages_up_to_regex=None, packages_above=None, packages_above_and_dependencies=None, packages_above_depth=None, packages_select_by_dep=None, packages_skip_by_dep=None, packages_skip_up_to=None, packages_select_build_failed=False, packages_skip_build_finished=False, packages_select_test_failures=False, packages_skip_test_passed=False, packages_select=['rov_risk_assessment'], packages_skip=None, packages_select_regex=None, packages_skip_regex=None, packages_start=None, packages_end=None, allow_overriding=[], cmake_args=None, cmake_target=None, cmake_target_skip_unavailable=False, cmake_clean_cache=False, cmake_clean_first=False, cmake_force_configure=False, ament_cmake_args=None, catkin_cmake_args=None, catkin_skip_building_tests=False, verb_parser=<colcon_defaults.argument_parser.defaults.DefaultArgumentsDecorator object at 0x7899c6982aa0>, verb_extension=<colcon_core.verb.build.BuildVerb object at 0x7899c69826e0>, main=<bound method BuildVerb.main of <colcon_core.verb.build.BuildVerb object at 0x7899c69826e0>>)
[0.077s] Level 1:colcon.colcon_core.package_discovery:discover_packages(colcon_meta) check parameters
[0.077s] Level 1:colcon.colcon_core.package_discovery:discover_packages(recursive) check parameters
[0.078s] Level 1:colcon.colcon_core.package_discovery:discover_packages(ignore) check parameters
[0.078s] Level 1:colcon.colcon_core.package_discovery:discover_packages(path) check parameters
[0.078s] Level 1:colcon.colcon_core.package_discovery:discover_packages(colcon_meta) discover
[0.078s] Level 1:colcon.colcon_core.package_discovery:discover_packages(recursive) discover
[0.078s] INFO:colcon.colcon_core.package_discovery:Crawling recursively for packages in '/home/badawi/Desktop/PhD_Autumn_2025/subsea-autonomy-stack'
[0.078s] Level 1:colcon.colcon_core.package_identification:_identify(.) by extensions ['ignore', 'ignore_ament_install']
[0.078s] Level 1:colcon.colcon_core.package_identification:_identify(.) by extension 'ignore'
[0.078s] Level 1:colcon.colcon_core.package_identification:_identify(.) by extension 'ignore_ament_install'
[0.078s] Level 1:colcon.colcon_core.package_identification:_identify(.) by extensions ['colcon_pkg']
[0.078s] Level 1:colcon.colcon_core.package_identification:_identify(.) by extension 'colcon_pkg'
[0.078s] Level 1:colcon.colcon_core.package_identification:_identify(.) by extensions ['colcon_meta']
[0.078s] Level 1:colcon.colcon_core.package_identification:_identify(.) by extension 'colcon_meta'
[0.078s] Level 1:colcon.colcon_core.package_identification:_identify(.) by extensions ['ros']
[0.078s] Level 1:colcon.colcon_core.package_identification:_identify(.) by extension 'ros'
[0.086s] Level 1:colcon.colcon_core.package_identification:_identify(.) by extensions ['cmake', 'python']
[0.086s] Level 1:colcon.colcon_core.package_identification:_identify(.) by extension 'cmake'
[0.086s] Level 1:colcon.colcon_core.package_identification:_identify(.) by extension 'python'
[0.086s] Level 1:colcon.colcon_core.package_identification:_identify(.) by extensions ['python_setup_py']
[0.086s] Level 1:colcon.colcon_core.package_identification:_identify(.) by extension 'python_setup_py'
[0.086s] Level 1:colcon.colcon_core.package_identification:_identify(__pycache__) by extensions ['ignore', 'ignore_ament_install']
[0.086s] Level 1:colcon.colcon_core.package_identification:_identify(__pycache__) by extension 'ignore'
[0.087s] Level 1:colcon.colcon_core.package_identification:_identify(__pycache__) by extension 'ignore_ament_install'
[0.087s] Level 1:colcon.colcon_core.package_identification:_identify(__pycache__) by extensions ['colcon_pkg']
[0.087s] Level 1:colcon.colcon_core.package_identification:_identify(__pycache__) by extension 'colcon_pkg'
[0.087s] Level 1:colcon.colcon_core.package_identification:_identify(__pycache__) by extensions ['colcon_meta']
[0.087s] Level 1:colcon.colcon_core.package_identification:_identify(__pycache__) by extension 'colcon_meta'
[0.087s] Level 1:colcon.colcon_core.package_identification:_identify(__pycache__) by extensions ['ros']
[0.087s] Level 1:colcon.colcon_core.package_identification:_identify(__pycache__) by extension 'ros'
[0.087s] Level 1:colcon.colcon_core.package_identification:_identify(__pycache__) by extensions ['cmake', 'python']
[0.087s] Level 1:colcon.colcon_core.package_identification:_identify(__pycache__) by extension 'cmake'
[0.087s] Level 1:colcon.colcon_core.package_identification:_identify(__pycache__) by extension 'python'
[0.087s] Level 1:colcon.colcon_core.package_identification:_identify(__pycache__) by extensions ['python_setup_py']
[0.087s] Level 1:colcon.colcon_core.package_identification:_identify(__pycache__) by extension 'python_setup_py'
[0.087s] Level 1:colcon.colcon_core.package_identification:_identify(bayesian_network) by extensions ['ignore', 'ignore_ament_install']
[0.087s] Level 1:colcon.colcon_core.package_identification:_identify(bayesian_network) by extension 'ignore'
[0.087s] Level 1:colcon.colcon_core.package_identification:_identify(bayesian_network) by extension 'ignore_ament_install'
[0.087s] Level 1:colcon.colcon_core.package_identification:_identify(bayesian_network) by extensions ['colcon_pkg']
[0.087s] Level 1:colcon.colcon_core.package_identification:_identify(bayesian_network) by extension 'colcon_pkg'
[0.087s] Level 1:colcon.colcon_core.package_identification:_identify(bayesian_network) by extensions ['colcon_meta']
[0.087s] Level 1:colcon.colcon_core.package_identification:_identify(bayesian_network) by extension 'colcon_meta'
[0.087s] Level 1:colcon.colcon_core.package_identification:_identify(bayesian_network) by extensions ['ros']
[0.087s] Level 1:colcon.colcon_core.package_identification:_identify(bayesian_network) by extension 'ros'
[0.087s] Level 1:colcon.colcon_core.package_identification:_identify(bayesian_network) by extensions ['cmake', 'python']
[0.087s] Level 1:colcon.colcon_core.package_identification:_identify(bayesian_network) by extension 'cmake'
[0.087s] Level 1:colcon.colcon_core.package_identification:_identify(bayesian_network) by extension 'python'
[0.087s] Level 1:colcon.colcon_core.package_identification:_identify(bayesian_network) by extensions ['python_setup_py']
[0.087s] Level 1:colcon.colcon_core.package_identification:_identify(bayesian_network) by extension 'python_setup_py'
[0.087s] Level 1:colcon.colcon_core.package_identification:_identify(build) by extensions ['ignore', 'ignore_ament_install']
[0.087s] Level 1:colcon.colcon_core.package_identification:_identify(build) by extension 'ignore'
[0.087s] Level 1:colcon.colcon_core.package_identification:_identify(build) ignored
[0.087s] Level 1:colcon.colcon_core.package_identification:_identify(install) by extensions ['ignore', 'ignore_ament_install']
[0.087s] Level 1:colcon.colcon_core.package_identification:_identify(install) by extension 'ignore'
[0.087s] Level 1:colcon.colcon_core.package_identification:_identify(install) ignored
[0.087s] Level 1:colcon.colcon_core.package_identification:_identify(log) by extensions ['ignore', 'ignore_ament_install']
[0.087s] Level 1:colcon.colcon_core.package_identification:_identify(log) by extension 'ignore'
[0.087s] Level 1:colcon.colcon_core.package_identification:_identify(log) ignored
[0.087s] Level 1:colcon.colcon_core.package_identification:_identify(rov_risk_assessment) by extensions ['ignore', 'ignore_ament_install']
[0.087s] Level 1:colcon.colcon_core.package_identification:_identify(rov_risk_assessment) by extension 'ignore'
[0.088s] Level 1:colcon.colcon_core.package_identification:_identify(rov_risk_assessment) by extension 'ignore_ament_install'
[0.088s] Level 1:colcon.colcon_core.package_identification:_identify(rov_risk_assessment) by extensions ['colcon_pkg']
[0.088s] Level 1:colcon.colcon_core.package_identification:_identify(rov_risk_assessment) by extension 'colcon_pkg'
[0.088s] Level 1:colcon.colcon_core.package_identification:_identify(rov_risk_assessment) by extensions ['colcon_meta']
[0.088s] Level 1:colcon.colcon_core.package_identification:_identify(rov_risk_assessment) by extension 'colcon_meta'
[0.088s] Level 1:colcon.colcon_core.package_identification:_identify(rov_risk_assessment) by extensions ['ros']
[0.088s] Level 1:colcon.colcon_core.package_identification:_identify(rov_risk_assessment) by extension 'ros'
[0.089s] DEBUG:colcon.colcon_core.package_identification:Package 'rov_risk_assessment' with type 'ros.ament_python' and name 'rov_risk_assessment'
[0.089s] Level 1:colcon.colcon_core.package_discovery:discover_packages(recursive) using defaults
[0.090s] Level 1:colcon.colcon_core.package_discovery:discover_packages(ignore) discover
[0.090s] Level 1:colcon.colcon_core.package_discovery:discover_packages(ignore) using defaults
[0.090s] Level 1:colcon.colcon_core.package_discovery:discover_packages(path) discover
[0.090s] Level 1:colcon.colcon_core.package_discovery:discover_packages(path) using defaults
[0.101s] Level 1:colcon.colcon_core.package_discovery:discover_packages(prefix_path) check parameters
[0.101s] Level 1:colcon.colcon_core.package_discovery:discover_packages(prefix_path) discover
[0.102s] DEBUG:colcon.colcon_installed_package_information.package_discovery:Found 1 installed packages in /home/badawi/Desktop/PhD_Autumn_2025/subsea-autonomy-stack/install
[0.102s] DEBUG:colcon.colcon_installed_package_information.package_discovery:Found 1 installed packages in /home/badawi/btcpp_ws/install
[0.103s] DEBUG:colcon.colcon_installed_package_information.package_discovery:Found 266 installed packages in /opt/ros/humble
[0.104s] Level 1:colcon.colcon_core.package_discovery:discover_packages(prefix_path) using defaults
[0.120s] Level 5:colcon.colcon_core.verb:set package 'rov_risk_assessment' build argument 'cmake_args' from command line to 'None'
[0.120s] Level 5:colcon.colcon_core.verb:set package 'rov_risk_assessment' build argument 'cmake_target' from command line to 'None'
[0.120s] Level 5:colcon.colcon_core.verb:set package 'rov_risk_assessment' build argument 'cmake_target_skip_unavailable' from command line to 'False'
[0.120s] Level 5:colcon.colcon_core.verb:set package 'rov_risk_assessment' build argument 'cmake_clean_cache' from command line to 'False'
[0.120s] Level 5:colcon.colcon_core.verb:set package 'rov_risk_assessment' build argument 'cmake_clean_first' from command line to 'False'
[0.120s] Level 5:colcon.colcon_core.verb:set package 'rov_risk_assessment' build argument 'cmake_force_configure' from command line to 'False'
[0.120s] Level 5:colcon.colcon_core.verb:set package 'rov_risk_assessment' build argument 'ament_cmake_args' from command line to 'None'
[0.120s] Level 5:colcon.colcon_core.verb:set package 'rov_risk_assessment' build argument 'catkin_cmake_args' from command line to 'None'
[0.120s] Level 5:colcon.colcon_core.verb:set package 'rov_risk_assessment' build argument 'catkin_skip_building_tests' from command line to 'False'
[0.120s] DEBUG:colcon.colcon_core.verb:Building package 'rov_risk_assessment' with the following arguments: {'ament_cmake_args': None, 'build_base': '/home/badawi/Desktop/PhD_Autumn_2025/subsea-autonomy-stack/build/rov_risk_assessment', 'catkin_cmake_args': None, 'catkin_skip_building_tests': False, 'cmake_args': None, 'cmake_clean_cache': False, 'cmake_clean_first': False, 'cmake_force_configure': False, 'cmake_target': None, 'cmake_target_skip_unavailable': False, 'install_base': '/home/badawi/Desktop/PhD_Autumn_2025/subsea-autonomy-stack/install/rov_risk_assessment', 'merge_install': False, 'path': '/home/badawi/Desktop/PhD_Autumn_2025/subsea-autonomy-stack/rov_risk_assessment', 'symlink_install': True, 'test_result_base': None}
[0.121s] INFO:colcon.colcon_core.executor:Executing jobs using 'parallel' executor
[0.121s] DEBUG:colcon.colcon_parallel_executor.executor.parallel:run_until_complete
[0.121s] INFO:colcon.colcon_ros.task.ament_python.build:Building ROS package in '/home/badawi/Desktop/PhD_Autumn_2025/subsea-autonomy-stack/rov_risk_assessment' with build type 'ament_python'
[0.121s] Level 1:colcon.colcon_core.shell:create_environment_hook('rov_risk_assessment', 'ament_prefix_path')
[0.122s] INFO:colcon.colcon_core.plugin_system:Skipping extension 'colcon_core.shell.bat': Not used on non-Windows systems
[0.123s] INFO:colcon.colcon_core.shell:Creating environment hook '/home/badawi/Desktop/PhD_Autumn_2025/subsea-autonomy-stack/install/rov_risk_assessment/share/rov_risk_assessment/hook/ament_prefix_path.ps1'
[0.123s] INFO:colcon.colcon_core.shell:Creating environment descriptor '/home/badawi/Desktop/PhD_Autumn_2025/subsea-autonomy-stack/install/rov_risk_assessment/share/rov_risk_assessment/hook/ament_prefix_path.dsv'
[0.123s] INFO:colcon.colcon_core.shell:Creating environment hook '/home/badawi/Desktop/PhD_Autumn_2025/subsea-autonomy-stack/install/rov_risk_assessment/share/rov_risk_assessment/hook/ament_prefix_path.sh'
[0.123s] INFO:colcon.colcon_core.shell:Skip shell extension 'powershell' for command environment: Not usable outside of PowerShell
[0.124s] DEBUG:colcon.colcon_core.shell:Skip shell extension 'dsv' for command environment
[0.263s] INFO:colcon.colcon_core.task.python.build:Building Python package in '/home/badawi/Desktop/PhD_Autumn_2025/subsea-autonomy-stack/rov_risk_assessment'
[0.263s] INFO:colcon.colcon_core.shell:Skip shell extension 'powershell' for command environment: Not usable outside of PowerShell
[0.263s] DEBUG:colcon.colcon_core.shell:Skip shell extension 'dsv' for command environment
[0.541s] DEBUG:colcon.colcon_core.task.python.build:While undoing a previous installation files outside the Python library path are being ignored: /home/badawi/Desktop/PhD_Autumn_2025/subsea-autonomy-stack/install/rov_risk_assessment/share/ament_index/resource_index/packages/rov_risk_assessment
[0.541s] DEBUG:colcon.colcon_core.task.python.build:While undoing a previous installation files outside the Python library path are being ignored: /home/badawi/Desktop/PhD_Autumn_2025/subsea-autonomy-stack/install/rov_risk_assessment/share/rov_risk_assessment/package.xml
[0.541s] DEBUG:colcon.colcon_core.task.python.build:While undoing a previous installation files outside the Python library path are being ignored: /home/badawi/Desktop/PhD_Autumn_2025/subsea-autonomy-stack/install/rov_risk_assessment/share/rov_risk_assessment/launch/risk_assessment.launch.py
[0.541s] DEBUG:colcon.colcon_core.task.python.build:While undoing a previous installation files outside the Python library path are being ignored: /home/badawi/Desktop/PhD_Autumn_2025/subsea-autonomy-stack/install/rov_risk_assessment/share/rov_risk_assessment/config/integrated_mission_control.xdsl
[0.541s] DEBUG:colcon.colcon_core.task.python.build:While undoing a previous installation files outside the Python library path are being ignored: /home/badawi/Desktop/PhD_Autumn_2025/subsea-autonomy-stack/install/rov_risk_assessment/lib/rov_risk_assessment/altitude
[0.541s] DEBUG:colcon.colcon_core.task.python.build:While undoing a previous installation files outside the Python library path are being ignored: /home/badawi/Desktop/PhD_Autumn_2025/subsea-autonomy-stack/install/rov_risk_assessment/lib/rov_risk_assessment/battery_level
[0.541s] DEBUG:colcon.colcon_core.task.python.build:While undoing a previous installation files outside the Python library path are being ignored: /home/badawi/Desktop/PhD_Autumn_2025/subsea-autonomy-stack/install/rov_risk_assessment/lib/rov_risk_assessment/camera_quality
[0.541s] DEBUG:colcon.colcon_core.task.python.build:While undoing a previous installation files outside the Python library path are being ignored: /home/badawi/Desktop/PhD_Autumn_2025/subsea-autonomy-stack/install/rov_risk_assessment/lib/rov_risk_assessment/mission_control_bn
[0.541s] DEBUG:colcon.colcon_core.task.python.build:While undoing a previous installation files outside the Python library path are being ignored: /home/badawi/Desktop/PhD_Autumn_2025/subsea-autonomy-stack/install/rov_risk_assessment/lib/rov_risk_assessment/speed
[0.541s] DEBUG:colcon.colcon_core.task.python.build:While undoing a previous installation files outside the Python library path are being ignored: /home/badawi/Desktop/PhD_Autumn_2025/subsea-autonomy-stack/install/rov_risk_assessment/lib/rov_risk_assessment/test_publishers
[0.541s] DEBUG:colcon.colcon_core.task.python.build:While undoing a previous installation files outside the Python library path are being ignored: /home/badawi/Desktop/PhD_Autumn_2025/subsea-autonomy-stack/install/rov_risk_assessment/lib/rov_risk_assessment/test_usbl
[0.541s] DEBUG:colcon.colcon_core.task.python.build:While undoing a previous installation files outside the Python library path are being ignored: /home/badawi/Desktop/PhD_Autumn_2025/subsea-autonomy-stack/install/rov_risk_assessment/lib/rov_risk_assessment/trust
[0.541s] DEBUG:colcon.colcon_core.task.python.build:While undoing a previous installation files outside the Python library path are being ignored: /home/badawi/Desktop/PhD_Autumn_2025/subsea-autonomy-stack/install/rov_risk_assessment/lib/rov_risk_assessment/turbidity
[0.541s] DEBUG:colcon.colcon_core.task.python.build:While undoing a previous installation files outside the Python library path are being ignored: /home/badawi/Desktop/PhD_Autumn_2025/subsea-autonomy-stack/install/rov_risk_assessment/lib/rov_risk_assessment/weather_api
[0.543s] DEBUG:colcon.colcon_core.event_handler.log_command:Invoking command in '/home/badawi/Desktop/PhD_Autumn_2025/subsea-autonomy-stack/build/rov_risk_assessment': PYTHONPATH=/home/badawi/Desktop/PhD_Autumn_2025/subsea-autonomy-stack/build/rov_risk_assessment/prefix_override:/usr/lib/python3/dist-packages/colcon_core/task/python/colcon_distutils_commands:/home/badawi/Desktop/PhD_Autumn_2025/subsea-autonomy-stack/install/rov_risk_assessment/lib/python3.10/site-packages:${PYTHONPATH} /usr/bin/python3 -W ignore:setup.py install is deprecated setup.py develop --editable --build-directory /home/badawi/Desktop/PhD_Autumn_2025/subsea-autonomy-stack/build/rov_risk_assessment/build --no-deps symlink_data --force
[0.932s] Level 1:colcon.colcon_core.shell:create_environment_hook('rov_risk_assessment', 'pythonpath_develop')
[0.932s] INFO:colcon.colcon_core.shell:Creating environment hook '/home/badawi/Desktop/PhD_Autumn_2025/subsea-autonomy-stack/build/rov_risk_assessment/share/rov_risk_assessment/hook/pythonpath_develop.ps1'
[0.933s] DEBUG:colcon.colcon_core.event_handler.log_command:Invoked command in '/home/badawi/Desktop/PhD_Autumn_2025/subsea-autonomy-stack/build/rov_risk_assessment' returned '0': PYTHONPATH=/home/badawi/Desktop/PhD_Autumn_2025/subsea-autonomy-stack/build/rov_risk_assessment/prefix_override:/usr/lib/python3/dist-packages/colcon_core/task/python/colcon_distutils_commands:/home/badawi/Desktop/PhD_Autumn_2025/subsea-autonomy-stack/install/rov_risk_assessment/lib/python3.10/site-packages:${PYTHONPATH} /usr/bin/python3 -W ignore:setup.py install is deprecated setup.py develop --editable --build-directory /home/badawi/Desktop/PhD_Autumn_2025/subsea-autonomy-stack/build/rov_risk_assessment/build --no-deps symlink_data --force
[0.933s] INFO:colcon.colcon_core.shell:Creating environment descriptor '/home/badawi/Desktop/PhD_Autumn_2025/subsea-autonomy-stack/build/rov_risk_assessment/share/rov_risk_assessment/hook/pythonpath_develop.dsv'
[0.934s] INFO:colcon.colcon_core.shell:Creating environment hook '/home/badawi/Desktop/PhD_Autumn_2025/subsea-autonomy-stack/build/rov_risk_assessment/share/rov_risk_assessment/hook/pythonpath_develop.sh'
[0.936s] Level 1:colcon.colcon_core.environment:checking '/home/badawi/Desktop/PhD_Autumn_2025/subsea-autonomy-stack/install/rov_risk_assessment' for CMake module files
[0.936s] Level 1:colcon.colcon_core.environment:checking '/home/badawi/Desktop/PhD_Autumn_2025/subsea-autonomy-stack/install/rov_risk_assessment' for CMake config files
[0.936s] Level 1:colcon.colcon_core.environment:checking '/home/badawi/Desktop/PhD_Autumn_2025/subsea-autonomy-stack/install/rov_risk_assessment/lib'
[0.936s] Level 1:colcon.colcon_core.environment:checking '/home/badawi/Desktop/PhD_Autumn_2025/subsea-autonomy-stack/install/rov_risk_assessment/bin'
[0.936s] Level 1:colcon.colcon_core.environment:checking '/home/badawi/Desktop/PhD_Autumn_2025/subsea-autonomy-stack/install/rov_risk_assessment/lib/pkgconfig/rov_risk_assessment.pc'
[0.937s] Level 1:colcon.colcon_core.environment:checking '/home/badawi/Desktop/PhD_Autumn_2025/subsea-autonomy-stack/install/rov_risk_assessment/lib/python3.10/site-packages'
[0.937s] Level 1:colcon.colcon_core.shell:create_environment_hook('rov_risk_assessment', 'pythonpath')
[0.937s] INFO:colcon.colcon_core.shell:Creating environment hook '/home/badawi/Desktop/PhD_Autumn_2025/subsea-autonomy-stack/install/rov_risk_assessment/share/rov_risk_assessment/hook/pythonpath.ps1'
[0.937s] INFO:colcon.colcon_core.shell:Creating environment descriptor '/home/badawi/Desktop/PhD_Autumn_2025/subsea-autonomy-stack/install/rov_risk_assessment/share/rov_risk_assessment/hook/pythonpath.dsv'
[0.937s] INFO:colcon.colcon_core.shell:Creating environment hook '/home/badawi/Desktop/PhD_Autumn_2025/subsea-autonomy-stack/install/rov_risk_assessment/share/rov_risk_assessment/hook/pythonpath.sh'
[0.938s] Level 1:colcon.colcon_core.environment:checking '/home/badawi/Desktop/PhD_Autumn_2025/subsea-autonomy-stack/install/rov_risk_assessment/bin'
[0.938s] Level 1:colcon.colcon_core.environment:create_environment_scripts_only(rov_risk_assessment)
[0.938s] INFO:colcon.colcon_core.shell:Creating package script '/home/badawi/Desktop/PhD_Autumn_2025/subsea-autonomy-stack/install/rov_risk_assessment/share/rov_risk_assessment/package.ps1'
[0.939s] INFO:colcon.colcon_core.shell:Creating package descriptor '/home/badawi/Desktop/PhD_Autumn_2025/subsea-autonomy-stack/install/rov_risk_assessment/share/rov_risk_assessment/package.dsv'
[0.939s] INFO:colcon.colcon_core.shell:Creating package script '/home/badawi/Desktop/PhD_Autumn_2025/subsea-autonomy-stack/install/rov_risk_assessment/share/rov_risk_assessment/package.sh'
[0.939s] INFO:colcon.colcon_core.shell:Creating package script '/home/badawi/Desktop/PhD_Autumn_2025/subsea-autonomy-stack/install/rov_risk_assessment/share/rov_risk_assessment/package.bash'
[0.940s] INFO:colcon.colcon_core.shell:Creating package script '/home/badawi/Desktop/PhD_Autumn_2025/subsea-autonomy-stack/install/rov_risk_assessment/share/rov_risk_assessment/package.zsh'
[0.940s] Level 1:colcon.colcon_core.environment:create_file_with_runtime_dependencies(/home/badawi/Desktop/PhD_Autumn_2025/subsea-autonomy-stack/install/rov_risk_assessment/share/colcon-core/packages/rov_risk_assessment)
[0.940s] DEBUG:colcon.colcon_parallel_executor.executor.parallel:closing loop
[0.941s] DEBUG:colcon.colcon_parallel_executor.executor.parallel:loop closed
[0.941s] DEBUG:colcon.colcon_parallel_executor.executor.parallel:run_until_complete finished with '0'
[0.941s] DEBUG:colcon.colcon_core.event_reactor:joining thread
[0.945s] INFO:colcon.colcon_core.plugin_system:Skipping extension 'colcon_notification.desktop_notification.terminal_notifier': Not used on non-Darwin systems
[0.945s] INFO:colcon.colcon_core.plugin_system:Skipping extension 'colcon_notification.desktop_notification.win32': Not used on non-Windows systems
[0.945s] INFO:colcon.colcon_notification.desktop_notification:Sending desktop notification using 'notify2'
[0.952s] DEBUG:colcon.colcon_core.event_reactor:joined thread
[0.952s] INFO:colcon.colcon_core.shell:Creating prefix script '/home/badawi/Desktop/PhD_Autumn_2025/subsea-autonomy-stack/install/local_setup.ps1'
[0.953s] INFO:colcon.colcon_core.shell:Creating prefix util module '/home/badawi/Desktop/PhD_Autumn_2025/subsea-autonomy-stack/install/_local_setup_util_ps1.py'
[0.954s] INFO:colcon.colcon_core.shell:Creating prefix chain script '/home/badawi/Desktop/PhD_Autumn_2025/subsea-autonomy-stack/install/setup.ps1'
[0.955s] INFO:colcon.colcon_core.shell:Creating prefix script '/home/badawi/Desktop/PhD_Autumn_2025/subsea-autonomy-stack/install/local_setup.sh'
[0.955s] INFO:colcon.colcon_core.shell:Creating prefix util module '/home/badawi/Desktop/PhD_Autumn_2025/subsea-autonomy-stack/install/_local_setup_util_sh.py'
[0.955s] INFO:colcon.colcon_core.shell:Creating prefix chain script '/home/badawi/Desktop/PhD_Autumn_2025/subsea-autonomy-stack/install/setup.sh'
[0.956s] INFO:colcon.colcon_core.shell:Creating prefix script '/home/badawi/Desktop/PhD_Autumn_2025/subsea-autonomy-stack/install/local_setup.bash'
[0.956s] INFO:colcon.colcon_core.shell:Creating prefix chain script '/home/badawi/Desktop/PhD_Autumn_2025/subsea-autonomy-stack/install/setup.bash'
[0.957s] INFO:colcon.colcon_core.shell:Creating prefix script '/home/badawi/Desktop/PhD_Autumn_2025/subsea-autonomy-stack/install/local_setup.zsh'
[0.957s] INFO:colcon.colcon_core.shell:Creating prefix chain script '/home/badawi/Desktop/PhD_Autumn_2025/subsea-autonomy-stack/install/setup.zsh'
