/home/badawi/Desktop/PhD_Autumn_2025/subsea-autonomy-stack/install/rov_risk_assessment/lib/python3.10/site-packages/rov_risk_assessment/test_ros_publishers.py
/home/badawi/Desktop/PhD_Autumn_2025/subsea-autonomy-stack/install/rov_risk_assessment/lib/python3.10/site-packages/rov_risk_assessment/test_usbl.py
/home/badawi/Desktop/PhD_Autumn_2025/subsea-autonomy-stack/install/rov_risk_assessment/lib/python3.10/site-packages/rov_risk_assessment/turbidity.py
/home/badawi/Desktop/PhD_Autumn_2025/subsea-autonomy-stack/install/rov_risk_assessment/lib/python3.10/site-packages/rov_risk_assessment/altitude.py
/home/badawi/Desktop/PhD_Autumn_2025/subsea-autonomy-stack/install/rov_risk_assessment/lib/python3.10/site-packages/rov_risk_assessment/camera_quality.py
/home/badawi/Desktop/PhD_Autumn_2025/subsea-autonomy-stack/install/rov_risk_assessment/lib/python3.10/site-packages/rov_risk_assessment/speed.py
/home/badawi/Desktop/PhD_Autumn_2025/subsea-autonomy-stack/install/rov_risk_assessment/lib/python3.10/site-packages/rov_risk_assessment/battey_level.py
/home/badawi/Desktop/PhD_Autumn_2025/subsea-autonomy-stack/install/rov_risk_assessment/lib/python3.10/site-packages/rov_risk_assessment/trust.py
/home/badawi/Desktop/PhD_Autumn_2025/subsea-autonomy-stack/install/rov_risk_assessment/lib/python3.10/site-packages/rov_risk_assessment/weather_api.py
/home/badawi/Desktop/PhD_Autumn_2025/subsea-autonomy-stack/install/rov_risk_assessment/lib/python3.10/site-packages/rov_risk_assessment/__init__.py
/home/badawi/Desktop/PhD_Autumn_2025/subsea-autonomy-stack/install/rov_risk_assessment/lib/python3.10/site-packages/rov_risk_assessment/mission_control_bn_node.py
/home/badawi/Desktop/PhD_Autumn_2025/subsea-autonomy-stack/install/rov_risk_assessment/lib/python3.10/site-packages/rov_risk_assessment/__pycache__/test_ros_publishers.cpython-310.pyc
/home/badawi/Desktop/PhD_Autumn_2025/subsea-autonomy-stack/install/rov_risk_assessment/lib/python3.10/site-packages/rov_risk_assessment/__pycache__/test_usbl.cpython-310.pyc
/home/badawi/Desktop/PhD_Autumn_2025/subsea-autonomy-stack/install/rov_risk_assessment/lib/python3.10/site-packages/rov_risk_assessment/__pycache__/turbidity.cpython-310.pyc
/home/badawi/Desktop/PhD_Autumn_2025/subsea-autonomy-stack/install/rov_risk_assessment/lib/python3.10/site-packages/rov_risk_assessment/__pycache__/altitude.cpython-310.pyc
/home/badawi/Desktop/PhD_Autumn_2025/subsea-autonomy-stack/install/rov_risk_assessment/lib/python3.10/site-packages/rov_risk_assessment/__pycache__/camera_quality.cpython-310.pyc
/home/badawi/Desktop/PhD_Autumn_2025/subsea-autonomy-stack/install/rov_risk_assessment/lib/python3.10/site-packages/rov_risk_assessment/__pycache__/speed.cpython-310.pyc
/home/badawi/Desktop/PhD_Autumn_2025/subsea-autonomy-stack/install/rov_risk_assessment/lib/python3.10/site-packages/rov_risk_assessment/__pycache__/battey_level.cpython-310.pyc
/home/badawi/Desktop/PhD_Autumn_2025/subsea-autonomy-stack/install/rov_risk_assessment/lib/python3.10/site-packages/rov_risk_assessment/__pycache__/trust.cpython-310.pyc
/home/badawi/Desktop/PhD_Autumn_2025/subsea-autonomy-stack/install/rov_risk_assessment/lib/python3.10/site-packages/rov_risk_assessment/__pycache__/weather_api.cpython-310.pyc
/home/badawi/Desktop/PhD_Autumn_2025/subsea-autonomy-stack/install/rov_risk_assessment/lib/python3.10/site-packages/rov_risk_assessment/__pycache__/__init__.cpython-310.pyc
/home/badawi/Desktop/PhD_Autumn_2025/subsea-autonomy-stack/install/rov_risk_assessment/lib/python3.10/site-packages/rov_risk_assessment/__pycache__/mission_control_bn_node.cpython-310.pyc
/home/badawi/Desktop/PhD_Autumn_2025/subsea-autonomy-stack/install/rov_risk_assessment/share/ament_index/resource_index/packages/rov_risk_assessment
/home/badawi/Desktop/PhD_Autumn_2025/subsea-autonomy-stack/install/rov_risk_assessment/share/rov_risk_assessment/package.xml
/home/badawi/Desktop/PhD_Autumn_2025/subsea-autonomy-stack/install/rov_risk_assessment/share/rov_risk_assessment/launch/risk_assessment.launch.py
/home/badawi/Desktop/PhD_Autumn_2025/subsea-autonomy-stack/install/rov_risk_assessment/share/rov_risk_assessment/config/integrated_mission_control.xdsl
/home/badawi/Desktop/PhD_Autumn_2025/subsea-autonomy-stack/install/rov_risk_assessment/lib/python3.10/site-packages/rov_risk_assessment-0.1.0-py3.10.egg-info/PKG-INFO
/home/badawi/Desktop/PhD_Autumn_2025/subsea-autonomy-stack/install/rov_risk_assessment/lib/python3.10/site-packages/rov_risk_assessment-0.1.0-py3.10.egg-info/entry_points.txt
/home/badawi/Desktop/PhD_Autumn_2025/subsea-autonomy-stack/install/rov_risk_assessment/lib/python3.10/site-packages/rov_risk_assessment-0.1.0-py3.10.egg-info/zip-safe
/home/badawi/Desktop/PhD_Autumn_2025/subsea-autonomy-stack/install/rov_risk_assessment/lib/python3.10/site-packages/rov_risk_assessment-0.1.0-py3.10.egg-info/requires.txt
/home/badawi/Desktop/PhD_Autumn_2025/subsea-autonomy-stack/install/rov_risk_assessment/lib/python3.10/site-packages/rov_risk_assessment-0.1.0-py3.10.egg-info/dependency_links.txt
/home/badawi/Desktop/PhD_Autumn_2025/subsea-autonomy-stack/install/rov_risk_assessment/lib/python3.10/site-packages/rov_risk_assessment-0.1.0-py3.10.egg-info/SOURCES.txt
/home/badawi/Desktop/PhD_Autumn_2025/subsea-autonomy-stack/install/rov_risk_assessment/lib/python3.10/site-packages/rov_risk_assessment-0.1.0-py3.10.egg-info/top_level.txt
/home/badawi/Desktop/PhD_Autumn_2025/subsea-autonomy-stack/install/rov_risk_assessment/lib/rov_risk_assessment/altitude
/home/badawi/Desktop/PhD_Autumn_2025/subsea-autonomy-stack/install/rov_risk_assessment/lib/rov_risk_assessment/battery_level
/home/badawi/Desktop/PhD_Autumn_2025/subsea-autonomy-stack/install/rov_risk_assessment/lib/rov_risk_assessment/camera_quality
/home/badawi/Desktop/PhD_Autumn_2025/subsea-autonomy-stack/install/rov_risk_assessment/lib/rov_risk_assessment/mission_control_bn
/home/badawi/Desktop/PhD_Autumn_2025/subsea-autonomy-stack/install/rov_risk_assessment/lib/rov_risk_assessment/speed
/home/badawi/Desktop/PhD_Autumn_2025/subsea-autonomy-stack/install/rov_risk_assessment/lib/rov_risk_assessment/test_publishers
/home/badawi/Desktop/PhD_Autumn_2025/subsea-autonomy-stack/install/rov_risk_assessment/lib/rov_risk_assessment/test_usbl
/home/badawi/Desktop/PhD_Autumn_2025/subsea-autonomy-stack/install/rov_risk_assessment/lib/rov_risk_assessment/trust
/home/badawi/Desktop/PhD_Autumn_2025/subsea-autonomy-stack/install/rov_risk_assessment/lib/rov_risk_assessment/turbidity
/home/badawi/Desktop/PhD_Autumn_2025/subsea-autonomy-stack/install/rov_risk_assessment/lib/rov_risk_assessment/weather_api
