[0.393s] Invoking command in '/home/badawi/Desktop/PhD_Autumn_2025/subsea-autonomy-stack/rov_risk_assessment': PYTHONPATH=/home/badawi/Desktop/PhD_Autumn_2025/subsea-autonomy-stack/build/rov_risk_assessment/prefix_override:/usr/lib/python3/dist-packages/colcon_core/task/python/colcon_distutils_commands:/home/badawi/Desktop/PhD_Autumn_2025/subsea-autonomy-stack/install/rov_risk_assessment/lib/python3.10/site-packages:${PYTHONPATH} /usr/bin/python3 -W ignore:setup.py install is deprecated setup.py egg_info --egg-base ../build/rov_risk_assessment build --build-base /home/badawi/Desktop/PhD_Autumn_2025/subsea-autonomy-stack/build/rov_risk_assessment/build install --record /home/badawi/Desktop/PhD_Autumn_2025/subsea-autonomy-stack/build/rov_risk_assessment/install.log --single-version-externally-managed install_data
[0.488s] /home/badawi/.local/lib/python3.10/site-packages/setuptools/_distutils/dist.py:270: UserWarning: Unknown distribution option: 'tests_require'
[0.488s]   warnings.warn(msg)
[0.551s] running egg_info
[0.562s] creating ../build/rov_risk_assessment/rov_risk_assessment.egg-info
[0.562s] writing ../build/rov_risk_assessment/rov_risk_assessment.egg-info/PKG-INFO
[0.562s] writing dependency_links to ../build/rov_risk_assessment/rov_risk_assessment.egg-info/dependency_links.txt
[0.562s] writing entry points to ../build/rov_risk_assessment/rov_risk_assessment.egg-info/entry_points.txt
[0.562s] writing requirements to ../build/rov_risk_assessment/rov_risk_assessment.egg-info/requires.txt
[0.563s] writing top-level names to ../build/rov_risk_assessment/rov_risk_assessment.egg-info/top_level.txt
[0.563s] writing manifest file '../build/rov_risk_assessment/rov_risk_assessment.egg-info/SOURCES.txt'
[0.586s] reading manifest file '../build/rov_risk_assessment/rov_risk_assessment.egg-info/SOURCES.txt'
[0.586s] writing manifest file '../build/rov_risk_assessment/rov_risk_assessment.egg-info/SOURCES.txt'
[0.587s] running build
[0.587s] running build_py
[0.587s] creating /home/badawi/Desktop/PhD_Autumn_2025/subsea-autonomy-stack/build/rov_risk_assessment/build/lib/rov_risk_assessment
[0.587s] copying rov_risk_assessment/test_ros_publishers.py -> /home/badawi/Desktop/PhD_Autumn_2025/subsea-autonomy-stack/build/rov_risk_assessment/build/lib/rov_risk_assessment
[0.587s] copying rov_risk_assessment/test_usbl.py -> /home/badawi/Desktop/PhD_Autumn_2025/subsea-autonomy-stack/build/rov_risk_assessment/build/lib/rov_risk_assessment
[0.587s] copying rov_risk_assessment/turbidity.py -> /home/badawi/Desktop/PhD_Autumn_2025/subsea-autonomy-stack/build/rov_risk_assessment/build/lib/rov_risk_assessment
[0.587s] copying rov_risk_assessment/altitude.py -> /home/badawi/Desktop/PhD_Autumn_2025/subsea-autonomy-stack/build/rov_risk_assessment/build/lib/rov_risk_assessment
[0.587s] copying rov_risk_assessment/camera_quality.py -> /home/badawi/Desktop/PhD_Autumn_2025/subsea-autonomy-stack/build/rov_risk_assessment/build/lib/rov_risk_assessment
[0.587s] copying rov_risk_assessment/speed.py -> /home/badawi/Desktop/PhD_Autumn_2025/subsea-autonomy-stack/build/rov_risk_assessment/build/lib/rov_risk_assessment
[0.588s] copying rov_risk_assessment/battey_level.py -> /home/badawi/Desktop/PhD_Autumn_2025/subsea-autonomy-stack/build/rov_risk_assessment/build/lib/rov_risk_assessment
[0.588s] copying rov_risk_assessment/trust.py -> /home/badawi/Desktop/PhD_Autumn_2025/subsea-autonomy-stack/build/rov_risk_assessment/build/lib/rov_risk_assessment
[0.588s] copying rov_risk_assessment/weather_api.py -> /home/badawi/Desktop/PhD_Autumn_2025/subsea-autonomy-stack/build/rov_risk_assessment/build/lib/rov_risk_assessment
[0.588s] copying rov_risk_assessment/__init__.py -> /home/badawi/Desktop/PhD_Autumn_2025/subsea-autonomy-stack/build/rov_risk_assessment/build/lib/rov_risk_assessment
[0.588s] copying rov_risk_assessment/mission_control_bn_node.py -> /home/badawi/Desktop/PhD_Autumn_2025/subsea-autonomy-stack/build/rov_risk_assessment/build/lib/rov_risk_assessment
[0.588s] running install
[0.591s] running install_lib
[0.603s] creating /home/badawi/Desktop/PhD_Autumn_2025/subsea-autonomy-stack/install/rov_risk_assessment/lib/python3.10/site-packages/rov_risk_assessment
[0.603s] copying /home/badawi/Desktop/PhD_Autumn_2025/subsea-autonomy-stack/build/rov_risk_assessment/build/lib/rov_risk_assessment/test_ros_publishers.py -> /home/badawi/Desktop/PhD_Autumn_2025/subsea-autonomy-stack/install/rov_risk_assessment/lib/python3.10/site-packages/rov_risk_assessment
[0.604s] copying /home/badawi/Desktop/PhD_Autumn_2025/subsea-autonomy-stack/build/rov_risk_assessment/build/lib/rov_risk_assessment/test_usbl.py -> /home/badawi/Desktop/PhD_Autumn_2025/subsea-autonomy-stack/install/rov_risk_assessment/lib/python3.10/site-packages/rov_risk_assessment
[0.604s] copying /home/badawi/Desktop/PhD_Autumn_2025/subsea-autonomy-stack/build/rov_risk_assessment/build/lib/rov_risk_assessment/turbidity.py -> /home/badawi/Desktop/PhD_Autumn_2025/subsea-autonomy-stack/install/rov_risk_assessment/lib/python3.10/site-packages/rov_risk_assessment
[0.604s] copying /home/badawi/Desktop/PhD_Autumn_2025/subsea-autonomy-stack/build/rov_risk_assessment/build/lib/rov_risk_assessment/altitude.py -> /home/badawi/Desktop/PhD_Autumn_2025/subsea-autonomy-stack/install/rov_risk_assessment/lib/python3.10/site-packages/rov_risk_assessment
[0.604s] copying /home/badawi/Desktop/PhD_Autumn_2025/subsea-autonomy-stack/build/rov_risk_assessment/build/lib/rov_risk_assessment/camera_quality.py -> /home/badawi/Desktop/PhD_Autumn_2025/subsea-autonomy-stack/install/rov_risk_assessment/lib/python3.10/site-packages/rov_risk_assessment
[0.604s] copying /home/badawi/Desktop/PhD_Autumn_2025/subsea-autonomy-stack/build/rov_risk_assessment/build/lib/rov_risk_assessment/speed.py -> /home/badawi/Desktop/PhD_Autumn_2025/subsea-autonomy-stack/install/rov_risk_assessment/lib/python3.10/site-packages/rov_risk_assessment
[0.604s] copying /home/badawi/Desktop/PhD_Autumn_2025/subsea-autonomy-stack/build/rov_risk_assessment/build/lib/rov_risk_assessment/battey_level.py -> /home/badawi/Desktop/PhD_Autumn_2025/subsea-autonomy-stack/install/rov_risk_assessment/lib/python3.10/site-packages/rov_risk_assessment
[0.604s] copying /home/badawi/Desktop/PhD_Autumn_2025/subsea-autonomy-stack/build/rov_risk_assessment/build/lib/rov_risk_assessment/trust.py -> /home/badawi/Desktop/PhD_Autumn_2025/subsea-autonomy-stack/install/rov_risk_assessment/lib/python3.10/site-packages/rov_risk_assessment
[0.604s] copying /home/badawi/Desktop/PhD_Autumn_2025/subsea-autonomy-stack/build/rov_risk_assessment/build/lib/rov_risk_assessment/weather_api.py -> /home/badawi/Desktop/PhD_Autumn_2025/subsea-autonomy-stack/install/rov_risk_assessment/lib/python3.10/site-packages/rov_risk_assessment
[0.604s] copying /home/badawi/Desktop/PhD_Autumn_2025/subsea-autonomy-stack/build/rov_risk_assessment/build/lib/rov_risk_assessment/__init__.py -> /home/badawi/Desktop/PhD_Autumn_2025/subsea-autonomy-stack/install/rov_risk_assessment/lib/python3.10/site-packages/rov_risk_assessment
[0.604s] copying /home/badawi/Desktop/PhD_Autumn_2025/subsea-autonomy-stack/build/rov_risk_assessment/build/lib/rov_risk_assessment/mission_control_bn_node.py -> /home/badawi/Desktop/PhD_Autumn_2025/subsea-autonomy-stack/install/rov_risk_assessment/lib/python3.10/site-packages/rov_risk_assessment
[0.604s] byte-compiling /home/badawi/Desktop/PhD_Autumn_2025/subsea-autonomy-stack/install/rov_risk_assessment/lib/python3.10/site-packages/rov_risk_assessment/test_ros_publishers.py to test_ros_publishers.cpython-310.pyc
[0.606s] byte-compiling /home/badawi/Desktop/PhD_Autumn_2025/subsea-autonomy-stack/install/rov_risk_assessment/lib/python3.10/site-packages/rov_risk_assessment/test_usbl.py to test_usbl.cpython-310.pyc
[0.607s] byte-compiling /home/badawi/Desktop/PhD_Autumn_2025/subsea-autonomy-stack/install/rov_risk_assessment/lib/python3.10/site-packages/rov_risk_assessment/turbidity.py to turbidity.cpython-310.pyc
[0.607s] byte-compiling /home/badawi/Desktop/PhD_Autumn_2025/subsea-autonomy-stack/install/rov_risk_assessment/lib/python3.10/site-packages/rov_risk_assessment/altitude.py to altitude.cpython-310.pyc
[0.608s] byte-compiling /home/badawi/Desktop/PhD_Autumn_2025/subsea-autonomy-stack/install/rov_risk_assessment/lib/python3.10/site-packages/rov_risk_assessment/camera_quality.py to camera_quality.cpython-310.pyc
[0.608s] byte-compiling /home/badawi/Desktop/PhD_Autumn_2025/subsea-autonomy-stack/install/rov_risk_assessment/lib/python3.10/site-packages/rov_risk_assessment/speed.py to speed.cpython-310.pyc
[0.608s] byte-compiling /home/badawi/Desktop/PhD_Autumn_2025/subsea-autonomy-stack/install/rov_risk_assessment/lib/python3.10/site-packages/rov_risk_assessment/battey_level.py to battey_level.cpython-310.pyc
[0.609s] byte-compiling /home/badawi/Desktop/PhD_Autumn_2025/subsea-autonomy-stack/install/rov_risk_assessment/lib/python3.10/site-packages/rov_risk_assessment/trust.py to trust.cpython-310.pyc
[0.609s] byte-compiling /home/badawi/Desktop/PhD_Autumn_2025/subsea-autonomy-stack/install/rov_risk_assessment/lib/python3.10/site-packages/rov_risk_assessment/weather_api.py to weather_api.cpython-310.pyc
[0.610s] byte-compiling /home/badawi/Desktop/PhD_Autumn_2025/subsea-autonomy-stack/install/rov_risk_assessment/lib/python3.10/site-packages/rov_risk_assessment/__init__.py to __init__.cpython-310.pyc
[0.610s] byte-compiling /home/badawi/Desktop/PhD_Autumn_2025/subsea-autonomy-stack/install/rov_risk_assessment/lib/python3.10/site-packages/rov_risk_assessment/mission_control_bn_node.py to mission_control_bn_node.cpython-310.pyc
[0.613s] running install_data
[0.614s] creating /home/badawi/Desktop/PhD_Autumn_2025/subsea-autonomy-stack/install/rov_risk_assessment/share/ament_index/resource_index/packages
[0.614s] copying resource/rov_risk_assessment -> /home/badawi/Desktop/PhD_Autumn_2025/subsea-autonomy-stack/install/rov_risk_assessment/share/ament_index/resource_index/packages
[0.614s] copying package.xml -> /home/badawi/Desktop/PhD_Autumn_2025/subsea-autonomy-stack/install/rov_risk_assessment/share/rov_risk_assessment
[0.614s] creating /home/badawi/Desktop/PhD_Autumn_2025/subsea-autonomy-stack/install/rov_risk_assessment/share/rov_risk_assessment/launch
[0.614s] copying launch/risk_assessment.launch.py -> /home/badawi/Desktop/PhD_Autumn_2025/subsea-autonomy-stack/install/rov_risk_assessment/share/rov_risk_assessment/launch
[0.614s] creating /home/badawi/Desktop/PhD_Autumn_2025/subsea-autonomy-stack/install/rov_risk_assessment/share/rov_risk_assessment/config
[0.615s] copying config/integrated_mission_control.xdsl -> /home/badawi/Desktop/PhD_Autumn_2025/subsea-autonomy-stack/install/rov_risk_assessment/share/rov_risk_assessment/config
[0.615s] running install_egg_info
[0.628s] Copying ../build/rov_risk_assessment/rov_risk_assessment.egg-info to /home/badawi/Desktop/PhD_Autumn_2025/subsea-autonomy-stack/install/rov_risk_assessment/lib/python3.10/site-packages/rov_risk_assessment-0.1.0-py3.10.egg-info
[0.628s] running install_scripts
[0.723s] Installing altitude script to /home/badawi/Desktop/PhD_Autumn_2025/subsea-autonomy-stack/install/rov_risk_assessment/lib/rov_risk_assessment
[0.723s] Installing battery_level script to /home/badawi/Desktop/PhD_Autumn_2025/subsea-autonomy-stack/install/rov_risk_assessment/lib/rov_risk_assessment
[0.723s] Installing camera_quality script to /home/badawi/Desktop/PhD_Autumn_2025/subsea-autonomy-stack/install/rov_risk_assessment/lib/rov_risk_assessment
[0.723s] Installing mission_control_bn script to /home/badawi/Desktop/PhD_Autumn_2025/subsea-autonomy-stack/install/rov_risk_assessment/lib/rov_risk_assessment
[0.723s] Installing speed script to /home/badawi/Desktop/PhD_Autumn_2025/subsea-autonomy-stack/install/rov_risk_assessment/lib/rov_risk_assessment
[0.723s] Installing test_publishers script to /home/badawi/Desktop/PhD_Autumn_2025/subsea-autonomy-stack/install/rov_risk_assessment/lib/rov_risk_assessment
[0.723s] Installing test_usbl script to /home/badawi/Desktop/PhD_Autumn_2025/subsea-autonomy-stack/install/rov_risk_assessment/lib/rov_risk_assessment
[0.723s] Installing trust script to /home/badawi/Desktop/PhD_Autumn_2025/subsea-autonomy-stack/install/rov_risk_assessment/lib/rov_risk_assessment
[0.723s] Installing turbidity script to /home/badawi/Desktop/PhD_Autumn_2025/subsea-autonomy-stack/install/rov_risk_assessment/lib/rov_risk_assessment
[0.723s] Installing weather_api script to /home/badawi/Desktop/PhD_Autumn_2025/subsea-autonomy-stack/install/rov_risk_assessment/lib/rov_risk_assessment
[0.724s] writing list of installed files to '/home/badawi/Desktop/PhD_Autumn_2025/subsea-autonomy-stack/build/rov_risk_assessment/install.log'
[0.746s] Invoked command in '/home/badawi/Desktop/PhD_Autumn_2025/subsea-autonomy-stack/rov_risk_assessment' returned '0': PYTHONPATH=/home/badawi/Desktop/PhD_Autumn_2025/subsea-autonomy-stack/build/rov_risk_assessment/prefix_override:/usr/lib/python3/dist-packages/colcon_core/task/python/colcon_distutils_commands:/home/badawi/Desktop/PhD_Autumn_2025/subsea-autonomy-stack/install/rov_risk_assessment/lib/python3.10/site-packages:${PYTHONPATH} /usr/bin/python3 -W ignore:setup.py install is deprecated setup.py egg_info --egg-base ../build/rov_risk_assessment build --build-base /home/badawi/Desktop/PhD_Autumn_2025/subsea-autonomy-stack/build/rov_risk_assessment/build install --record /home/badawi/Desktop/PhD_Autumn_2025/subsea-autonomy-stack/build/rov_risk_assessment/install.log --single-version-externally-managed install_data
