[0.431s] Invoking command in '/home/badawi/Desktop/PhD_Autumn_2025/subsea-autonomy-stack/build/rov_risk_assessment': PYTHONPATH=/home/badawi/Desktop/PhD_Autumn_2025/subsea-autonomy-stack/build/rov_risk_assessment/prefix_override:/usr/lib/python3/dist-packages/colcon_core/task/python/colcon_distutils_commands:/home/badawi/Desktop/PhD_Autumn_2025/subsea-autonomy-stack/install/rov_risk_assessment/lib/python3.10/site-packages:${PYTHONPATH} /usr/bin/python3 -W ignore:setup.py install is deprecated setup.py develop --uninstall --editable --build-directory /home/badawi/Desktop/PhD_Autumn_2025/subsea-autonomy-stack/build/rov_risk_assessment/build
[0.627s] running develop
[0.627s] /home/badawi/.local/lib/python3.10/site-packages/setuptools/command/develop.py:41: EasyInstallDeprecationWarning: easy_install command is deprecated.
[0.627s] !!
[0.627s] 
[0.627s]         ********************************************************************************
[0.627s]         Please avoid running ``setup.py`` and ``easy_install``.
[0.627s]         Instead, use pypa/build, pypa/installer or other
[0.628s]         standards-based tools.
[0.628s] 
[0.628s]         See https://github.com/pypa/setuptools/issues/917 for details.
[0.628s]         ********************************************************************************
[0.628s] 
[0.628s] !!
[0.628s]   easy_install.initialize_options(self)
[0.766s] Removing /home/badawi/Desktop/PhD_Autumn_2025/subsea-autonomy-stack/install/rov_risk_assessment/lib/python3.10/site-packages/rov-risk-assessment.egg-link (link to .)
[0.785s] Invoked command in '/home/badawi/Desktop/PhD_Autumn_2025/subsea-autonomy-stack/build/rov_risk_assessment' returned '0': PYTHONPATH=/home/badawi/Desktop/PhD_Autumn_2025/subsea-autonomy-stack/build/rov_risk_assessment/prefix_override:/usr/lib/python3/dist-packages/colcon_core/task/python/colcon_distutils_commands:/home/badawi/Desktop/PhD_Autumn_2025/subsea-autonomy-stack/install/rov_risk_assessment/lib/python3.10/site-packages:${PYTHONPATH} /usr/bin/python3 -W ignore:setup.py install is deprecated setup.py develop --uninstall --editable --build-directory /home/badawi/Desktop/PhD_Autumn_2025/subsea-autonomy-stack/build/rov_risk_assessment/build
[0.786s] Invoking command in '/home/badawi/Desktop/PhD_Autumn_2025/subsea-autonomy-stack/rov_risk_assessment': PYTHONPATH=/home/badawi/Desktop/PhD_Autumn_2025/subsea-autonomy-stack/build/rov_risk_assessment/prefix_override:/usr/lib/python3/dist-packages/colcon_core/task/python/colcon_distutils_commands:/home/badawi/Desktop/PhD_Autumn_2025/subsea-autonomy-stack/install/rov_risk_assessment/lib/python3.10/site-packages:${PYTHONPATH} /usr/bin/python3 -W ignore:setup.py install is deprecated setup.py egg_info --egg-base ../build/rov_risk_assessment build --build-base /home/badawi/Desktop/PhD_Autumn_2025/subsea-autonomy-stack/build/rov_risk_assessment/build install --record /home/badawi/Desktop/PhD_Autumn_2025/subsea-autonomy-stack/build/rov_risk_assessment/install.log --single-version-externally-managed install_data --force
[0.945s] running egg_info
[0.955s] writing ../build/rov_risk_assessment/rov_risk_assessment.egg-info/PKG-INFO
[0.955s] writing dependency_links to ../build/rov_risk_assessment/rov_risk_assessment.egg-info/dependency_links.txt
[0.956s] writing entry points to ../build/rov_risk_assessment/rov_risk_assessment.egg-info/entry_points.txt
[0.956s] writing requirements to ../build/rov_risk_assessment/rov_risk_assessment.egg-info/requires.txt
[0.956s] writing top-level names to ../build/rov_risk_assessment/rov_risk_assessment.egg-info/top_level.txt
[0.977s] reading manifest file '../build/rov_risk_assessment/rov_risk_assessment.egg-info/SOURCES.txt'
[0.978s] writing manifest file '../build/rov_risk_assessment/rov_risk_assessment.egg-info/SOURCES.txt'
[0.978s] running build
[0.978s] running build_py
[0.978s] copying rov_risk_assessment/test_ros_publishers.py -> /home/badawi/Desktop/PhD_Autumn_2025/subsea-autonomy-stack/build/rov_risk_assessment/build/lib/rov_risk_assessment
[0.978s] copying rov_risk_assessment/test_usbl.py -> /home/badawi/Desktop/PhD_Autumn_2025/subsea-autonomy-stack/build/rov_risk_assessment/build/lib/rov_risk_assessment
[0.978s] copying rov_risk_assessment/turbidity.py -> /home/badawi/Desktop/PhD_Autumn_2025/subsea-autonomy-stack/build/rov_risk_assessment/build/lib/rov_risk_assessment
[0.978s] copying rov_risk_assessment/altitude.py -> /home/badawi/Desktop/PhD_Autumn_2025/subsea-autonomy-stack/build/rov_risk_assessment/build/lib/rov_risk_assessment
[0.978s] copying rov_risk_assessment/camera_quality.py -> /home/badawi/Desktop/PhD_Autumn_2025/subsea-autonomy-stack/build/rov_risk_assessment/build/lib/rov_risk_assessment
[0.979s] copying rov_risk_assessment/speed.py -> /home/badawi/Desktop/PhD_Autumn_2025/subsea-autonomy-stack/build/rov_risk_assessment/build/lib/rov_risk_assessment
[0.979s] copying rov_risk_assessment/battey_level.py -> /home/badawi/Desktop/PhD_Autumn_2025/subsea-autonomy-stack/build/rov_risk_assessment/build/lib/rov_risk_assessment
[0.979s] copying rov_risk_assessment/trust.py -> /home/badawi/Desktop/PhD_Autumn_2025/subsea-autonomy-stack/build/rov_risk_assessment/build/lib/rov_risk_assessment
[0.979s] copying rov_risk_assessment/weather_api.py -> /home/badawi/Desktop/PhD_Autumn_2025/subsea-autonomy-stack/build/rov_risk_assessment/build/lib/rov_risk_assessment
[0.979s] copying rov_risk_assessment/__init__.py -> /home/badawi/Desktop/PhD_Autumn_2025/subsea-autonomy-stack/build/rov_risk_assessment/build/lib/rov_risk_assessment
[0.979s] copying rov_risk_assessment/mission_control_bn_node.py -> /home/badawi/Desktop/PhD_Autumn_2025/subsea-autonomy-stack/build/rov_risk_assessment/build/lib/rov_risk_assessment
[0.979s] running install
[0.982s] running install_lib
[0.992s] creating /home/badawi/Desktop/PhD_Autumn_2025/subsea-autonomy-stack/install/rov_risk_assessment/lib/python3.10/site-packages/rov_risk_assessment
[0.992s] copying /home/badawi/Desktop/PhD_Autumn_2025/subsea-autonomy-stack/build/rov_risk_assessment/build/lib/rov_risk_assessment/test_ros_publishers.py -> /home/badawi/Desktop/PhD_Autumn_2025/subsea-autonomy-stack/install/rov_risk_assessment/lib/python3.10/site-packages/rov_risk_assessment
[0.993s] copying /home/badawi/Desktop/PhD_Autumn_2025/subsea-autonomy-stack/build/rov_risk_assessment/build/lib/rov_risk_assessment/test_usbl.py -> /home/badawi/Desktop/PhD_Autumn_2025/subsea-autonomy-stack/install/rov_risk_assessment/lib/python3.10/site-packages/rov_risk_assessment
[0.993s] copying /home/badawi/Desktop/PhD_Autumn_2025/subsea-autonomy-stack/build/rov_risk_assessment/build/lib/rov_risk_assessment/turbidity.py -> /home/badawi/Desktop/PhD_Autumn_2025/subsea-autonomy-stack/install/rov_risk_assessment/lib/python3.10/site-packages/rov_risk_assessment
[0.993s] copying /home/badawi/Desktop/PhD_Autumn_2025/subsea-autonomy-stack/build/rov_risk_assessment/build/lib/rov_risk_assessment/altitude.py -> /home/badawi/Desktop/PhD_Autumn_2025/subsea-autonomy-stack/install/rov_risk_assessment/lib/python3.10/site-packages/rov_risk_assessment
[0.993s] copying /home/badawi/Desktop/PhD_Autumn_2025/subsea-autonomy-stack/build/rov_risk_assessment/build/lib/rov_risk_assessment/camera_quality.py -> /home/badawi/Desktop/PhD_Autumn_2025/subsea-autonomy-stack/install/rov_risk_assessment/lib/python3.10/site-packages/rov_risk_assessment
[0.993s] copying /home/badawi/Desktop/PhD_Autumn_2025/subsea-autonomy-stack/build/rov_risk_assessment/build/lib/rov_risk_assessment/speed.py -> /home/badawi/Desktop/PhD_Autumn_2025/subsea-autonomy-stack/install/rov_risk_assessment/lib/python3.10/site-packages/rov_risk_assessment
[0.993s] copying /home/badawi/Desktop/PhD_Autumn_2025/subsea-autonomy-stack/build/rov_risk_assessment/build/lib/rov_risk_assessment/battey_level.py -> /home/badawi/Desktop/PhD_Autumn_2025/subsea-autonomy-stack/install/rov_risk_assessment/lib/python3.10/site-packages/rov_risk_assessment
[0.993s] copying /home/badawi/Desktop/PhD_Autumn_2025/subsea-autonomy-stack/build/rov_risk_assessment/build/lib/rov_risk_assessment/trust.py -> /home/badawi/Desktop/PhD_Autumn_2025/subsea-autonomy-stack/install/rov_risk_assessment/lib/python3.10/site-packages/rov_risk_assessment
[0.993s] copying /home/badawi/Desktop/PhD_Autumn_2025/subsea-autonomy-stack/build/rov_risk_assessment/build/lib/rov_risk_assessment/weather_api.py -> /home/badawi/Desktop/PhD_Autumn_2025/subsea-autonomy-stack/install/rov_risk_assessment/lib/python3.10/site-packages/rov_risk_assessment
[0.993s] copying /home/badawi/Desktop/PhD_Autumn_2025/subsea-autonomy-stack/build/rov_risk_assessment/build/lib/rov_risk_assessment/__init__.py -> /home/badawi/Desktop/PhD_Autumn_2025/subsea-autonomy-stack/install/rov_risk_assessment/lib/python3.10/site-packages/rov_risk_assessment
[0.993s] copying /home/badawi/Desktop/PhD_Autumn_2025/subsea-autonomy-stack/build/rov_risk_assessment/build/lib/rov_risk_assessment/mission_control_bn_node.py -> /home/badawi/Desktop/PhD_Autumn_2025/subsea-autonomy-stack/install/rov_risk_assessment/lib/python3.10/site-packages/rov_risk_assessment
[0.993s] byte-compiling /home/badawi/Desktop/PhD_Autumn_2025/subsea-autonomy-stack/install/rov_risk_assessment/lib/python3.10/site-packages/rov_risk_assessment/test_ros_publishers.py to test_ros_publishers.cpython-310.pyc
[0.995s] byte-compiling /home/badawi/Desktop/PhD_Autumn_2025/subsea-autonomy-stack/install/rov_risk_assessment/lib/python3.10/site-packages/rov_risk_assessment/test_usbl.py to test_usbl.cpython-310.pyc
[0.996s] byte-compiling /home/badawi/Desktop/PhD_Autumn_2025/subsea-autonomy-stack/install/rov_risk_assessment/lib/python3.10/site-packages/rov_risk_assessment/turbidity.py to turbidity.cpython-310.pyc
[0.996s] byte-compiling /home/badawi/Desktop/PhD_Autumn_2025/subsea-autonomy-stack/install/rov_risk_assessment/lib/python3.10/site-packages/rov_risk_assessment/altitude.py to altitude.cpython-310.pyc
[0.997s] byte-compiling /home/badawi/Desktop/PhD_Autumn_2025/subsea-autonomy-stack/install/rov_risk_assessment/lib/python3.10/site-packages/rov_risk_assessment/camera_quality.py to camera_quality.cpython-310.pyc
[0.997s] byte-compiling /home/badawi/Desktop/PhD_Autumn_2025/subsea-autonomy-stack/install/rov_risk_assessment/lib/python3.10/site-packages/rov_risk_assessment/speed.py to speed.cpython-310.pyc
[0.997s] byte-compiling /home/badawi/Desktop/PhD_Autumn_2025/subsea-autonomy-stack/install/rov_risk_assessment/lib/python3.10/site-packages/rov_risk_assessment/battey_level.py to battey_level.cpython-310.pyc
[0.998s] byte-compiling /home/badawi/Desktop/PhD_Autumn_2025/subsea-autonomy-stack/install/rov_risk_assessment/lib/python3.10/site-packages/rov_risk_assessment/trust.py to trust.cpython-310.pyc
[0.998s] byte-compiling /home/badawi/Desktop/PhD_Autumn_2025/subsea-autonomy-stack/install/rov_risk_assessment/lib/python3.10/site-packages/rov_risk_assessment/weather_api.py to weather_api.cpython-310.pyc
[0.999s] byte-compiling /home/badawi/Desktop/PhD_Autumn_2025/subsea-autonomy-stack/install/rov_risk_assessment/lib/python3.10/site-packages/rov_risk_assessment/__init__.py to __init__.cpython-310.pyc
[0.999s] byte-compiling /home/badawi/Desktop/PhD_Autumn_2025/subsea-autonomy-stack/install/rov_risk_assessment/lib/python3.10/site-packages/rov_risk_assessment/mission_control_bn_node.py to mission_control_bn_node.cpython-310.pyc
[1.001s] running install_data
[1.001s] copying resource/rov_risk_assessment -> /home/badawi/Desktop/PhD_Autumn_2025/subsea-autonomy-stack/install/rov_risk_assessment/share/ament_index/resource_index/packages
[1.001s] copying package.xml -> /home/badawi/Desktop/PhD_Autumn_2025/subsea-autonomy-stack/install/rov_risk_assessment/share/rov_risk_assessment
[1.002s] copying launch/risk_assessment.launch.py -> /home/badawi/Desktop/PhD_Autumn_2025/subsea-autonomy-stack/install/rov_risk_assessment/share/rov_risk_assessment/launch
[1.002s] copying config/integrated_mission_control.xdsl -> /home/badawi/Desktop/PhD_Autumn_2025/subsea-autonomy-stack/install/rov_risk_assessment/share/rov_risk_assessment/config
[1.002s] running install_egg_info
[1.014s] Copying ../build/rov_risk_assessment/rov_risk_assessment.egg-info to /home/badawi/Desktop/PhD_Autumn_2025/subsea-autonomy-stack/install/rov_risk_assessment/lib/python3.10/site-packages/rov_risk_assessment-0.1.0-py3.10.egg-info
[1.014s] running install_scripts
[1.099s] Installing altitude script to /home/badawi/Desktop/PhD_Autumn_2025/subsea-autonomy-stack/install/rov_risk_assessment/lib/rov_risk_assessment
[1.099s] Installing battery_level script to /home/badawi/Desktop/PhD_Autumn_2025/subsea-autonomy-stack/install/rov_risk_assessment/lib/rov_risk_assessment
[1.099s] Installing camera_quality script to /home/badawi/Desktop/PhD_Autumn_2025/subsea-autonomy-stack/install/rov_risk_assessment/lib/rov_risk_assessment
[1.099s] Installing mission_control_bn script to /home/badawi/Desktop/PhD_Autumn_2025/subsea-autonomy-stack/install/rov_risk_assessment/lib/rov_risk_assessment
[1.099s] Installing speed script to /home/badawi/Desktop/PhD_Autumn_2025/subsea-autonomy-stack/install/rov_risk_assessment/lib/rov_risk_assessment
[1.099s] Installing test_publishers script to /home/badawi/Desktop/PhD_Autumn_2025/subsea-autonomy-stack/install/rov_risk_assessment/lib/rov_risk_assessment
[1.099s] Installing test_usbl script to /home/badawi/Desktop/PhD_Autumn_2025/subsea-autonomy-stack/install/rov_risk_assessment/lib/rov_risk_assessment
[1.099s] Installing trust script to /home/badawi/Desktop/PhD_Autumn_2025/subsea-autonomy-stack/install/rov_risk_assessment/lib/rov_risk_assessment
[1.099s] Installing turbidity script to /home/badawi/Desktop/PhD_Autumn_2025/subsea-autonomy-stack/install/rov_risk_assessment/lib/rov_risk_assessment
[1.099s] Installing weather_api script to /home/badawi/Desktop/PhD_Autumn_2025/subsea-autonomy-stack/install/rov_risk_assessment/lib/rov_risk_assessment
[1.099s] writing list of installed files to '/home/badawi/Desktop/PhD_Autumn_2025/subsea-autonomy-stack/build/rov_risk_assessment/install.log'
[1.116s] Invoked command in '/home/badawi/Desktop/PhD_Autumn_2025/subsea-autonomy-stack/rov_risk_assessment' returned '0': PYTHONPATH=/home/badawi/Desktop/PhD_Autumn_2025/subsea-autonomy-stack/build/rov_risk_assessment/prefix_override:/usr/lib/python3/dist-packages/colcon_core/task/python/colcon_distutils_commands:/home/badawi/Desktop/PhD_Autumn_2025/subsea-autonomy-stack/install/rov_risk_assessment/lib/python3.10/site-packages:${PYTHONPATH} /usr/bin/python3 -W ignore:setup.py install is deprecated setup.py egg_info --egg-base ../build/rov_risk_assessment build --build-base /home/badawi/Desktop/PhD_Autumn_2025/subsea-autonomy-stack/build/rov_risk_assessment/build install --record /home/badawi/Desktop/PhD_Autumn_2025/subsea-autonomy-stack/build/rov_risk_assessment/install.log --single-version-externally-managed install_data --force
